{"/home/julia/Documents/bus-tracker/frontend/src/App.js": {"path":"/home/julia/Documents/bus-tracker/frontend/src/App.js","statementMap":{"0":{"start":{"line":9,"column":34},"end":{"line":14,"column":4}},"1":{"start":{"line":16,"column":38},"end":{"line":16,"column":50}},"2":{"start":{"line":17,"column":28},"end":{"line":17,"column":40}},"3":{"start":{"line":18,"column":36},"end":{"line":18,"column":51}},"4":{"start":{"line":19,"column":48},"end":{"line":19,"column":60}},"5":{"start":{"line":20,"column":32},"end":{"line":20,"column":47}},"6":{"start":{"line":22,"column":23},"end":{"line":31,"column":3}},"7":{"start":{"line":23,"column":26},"end":{"line":23,"column":34}},"8":{"start":{"line":24,"column":4},"end":{"line":27,"column":8}},"9":{"start":{"line":24,"column":30},"end":{"line":27,"column":5}},"10":{"start":{"line":28,"column":4},"end":{"line":30,"column":5}},"11":{"start":{"line":29,"column":6},"end":{"line":29,"column":32}},"12":{"start":{"line":33,"column":23},"end":{"line":38,"column":3}},"13":{"start":{"line":34,"column":4},"end":{"line":34,"column":23}},"14":{"start":{"line":35,"column":4},"end":{"line":35,"column":23}},"15":{"start":{"line":36,"column":4},"end":{"line":36,"column":20}},"16":{"start":{"line":37,"column":4},"end":{"line":37,"column":24}},"17":{"start":{"line":40,"column":29},"end":{"line":45,"column":3}},"18":{"start":{"line":41,"column":4},"end":{"line":44,"column":8}},"19":{"start":{"line":41,"column":30},"end":{"line":44,"column":5}},"20":{"start":{"line":47,"column":18},"end":{"line":54,"column":3}},"21":{"start":{"line":48,"column":4},"end":{"line":53,"column":5}},"22":{"start":{"line":49,"column":23},"end":{"line":49,"column":48}},"23":{"start":{"line":50,"column":6},"end":{"line":50,"column":30}},"24":{"start":{"line":52,"column":6},"end":{"line":52,"column":51}},"25":{"start":{"line":56,"column":21},"end":{"line":70,"column":3}},"26":{"start":{"line":57,"column":4},"end":{"line":57,"column":21}},"27":{"start":{"line":58,"column":4},"end":{"line":69,"column":5}},"28":{"start":{"line":59,"column":23},"end":{"line":59,"column":88}},"29":{"start":{"line":60,"column":6},"end":{"line":62,"column":7}},"30":{"start":{"line":61,"column":8},"end":{"line":61,"column":49}},"31":{"start":{"line":63,"column":19},"end":{"line":63,"column":40}},"32":{"start":{"line":64,"column":6},"end":{"line":64,"column":21}},"33":{"start":{"line":66,"column":6},"end":{"line":66,"column":52}},"34":{"start":{"line":68,"column":6},"end":{"line":68,"column":24}},"35":{"start":{"line":72,"column":2},"end":{"line":76,"column":14}},"36":{"start":{"line":73,"column":4},"end":{"line":75,"column":5}},"37":{"start":{"line":74,"column":6},"end":{"line":74,"column":41}},"38":{"start":{"line":78,"column":2},"end":{"line":125,"column":4}}},"fnMap":{"0":{"name":"App","decl":{"start":{"line":8,"column":9},"end":{"line":8,"column":12}},"loc":{"start":{"line":8,"column":15},"end":{"line":126,"column":1}},"line":8},"1":{"name":"(anonymous_1)","decl":{"start":{"line":22,"column":23},"end":{"line":22,"column":24}},"loc":{"start":{"line":22,"column":30},"end":{"line":31,"column":3}},"line":22},"2":{"name":"(anonymous_2)","decl":{"start":{"line":24,"column":16},"end":{"line":24,"column":17}},"loc":{"start":{"line":24,"column":30},"end":{"line":27,"column":5}},"line":24},"3":{"name":"(anonymous_3)","decl":{"start":{"line":33,"column":23},"end":{"line":33,"column":24}},"loc":{"start":{"line":33,"column":36},"end":{"line":38,"column":3}},"line":33},"4":{"name":"(anonymous_4)","decl":{"start":{"line":40,"column":29},"end":{"line":40,"column":30}},"loc":{"start":{"line":40,"column":43},"end":{"line":45,"column":3}},"line":40},"5":{"name":"(anonymous_5)","decl":{"start":{"line":41,"column":16},"end":{"line":41,"column":17}},"loc":{"start":{"line":41,"column":30},"end":{"line":44,"column":5}},"line":41},"6":{"name":"(anonymous_6)","decl":{"start":{"line":47,"column":18},"end":{"line":47,"column":19}},"loc":{"start":{"line":47,"column":30},"end":{"line":54,"column":3}},"line":47},"7":{"name":"(anonymous_7)","decl":{"start":{"line":56,"column":21},"end":{"line":56,"column":22}},"loc":{"start":{"line":56,"column":41},"end":{"line":70,"column":3}},"line":56},"8":{"name":"(anonymous_8)","decl":{"start":{"line":72,"column":12},"end":{"line":72,"column":13}},"loc":{"start":{"line":72,"column":18},"end":{"line":76,"column":3}},"line":72}},"branchMap":{"0":{"loc":{"start":{"line":28,"column":4},"end":{"line":30,"column":5}},"type":"if","locations":[{"start":{"line":28,"column":4},"end":{"line":30,"column":5}},{"start":{},"end":{}}],"line":28},"1":{"loc":{"start":{"line":60,"column":6},"end":{"line":62,"column":7}},"type":"if","locations":[{"start":{"line":60,"column":6},"end":{"line":62,"column":7}},{"start":{},"end":{}}],"line":60},"2":{"loc":{"start":{"line":73,"column":4},"end":{"line":75,"column":5}},"type":"if","locations":[{"start":{"line":73,"column":4},"end":{"line":75,"column":5}},{"start":{},"end":{}}],"line":73},"3":{"loc":{"start":{"line":96,"column":11},"end":{"line":108,"column":11}},"type":"cond-expr","locations":[{"start":{"line":96,"column":22},"end":{"line":99,"column":16}},{"start":{"line":100,"column":12},"end":{"line":107,"column":14}}],"line":96}},"s":{"0":0,"1":0,"2":0,"3":0,"4":0,"5":0,"6":0,"7":0,"8":0,"9":0,"10":0,"11":0,"12":0,"13":0,"14":0,"15":0,"16":0,"17":0,"18":0,"19":0,"20":0,"21":0,"22":0,"23":0,"24":0,"25":0,"26":0,"27":0,"28":0,"29":0,"30":0,"31":0,"32":0,"33":0,"34":0,"35":0,"36":0,"37":0,"38":0},"f":{"0":0,"1":0,"2":0,"3":0,"4":0,"5":0,"6":0,"7":0,"8":0},"b":{"0":[0,0],"1":[0,0],"2":[0,0],"3":[0,0]}}
,"/home/julia/Documents/bus-tracker/frontend/src/index.js": {"path":"/home/julia/Documents/bus-tracker/frontend/src/index.js","statementMap":{"0":{"start":{"line":7,"column":13},"end":{"line":7,"column":65}},"1":{"start":{"line":8,"column":0},"end":{"line":12,"column":2}},"2":{"start":{"line":17,"column":0},"end":{"line":17,"column":18}}},"fnMap":{},"branchMap":{},"s":{"0":0,"1":0,"2":0},"f":{},"b":{}}
,"/home/julia/Documents/bus-tracker/frontend/src/reportWebVitals.js": {"path":"/home/julia/Documents/bus-tracker/frontend/src/reportWebVitals.js","statementMap":{"0":{"start":{"line":1,"column":24},"end":{"line":11,"column":1}},"1":{"start":{"line":2,"column":2},"end":{"line":10,"column":3}},"2":{"start":{"line":3,"column":4},"end":{"line":9,"column":7}},"3":{"start":{"line":4,"column":6},"end":{"line":4,"column":26}},"4":{"start":{"line":5,"column":6},"end":{"line":5,"column":26}},"5":{"start":{"line":6,"column":6},"end":{"line":6,"column":26}},"6":{"start":{"line":7,"column":6},"end":{"line":7,"column":26}},"7":{"start":{"line":8,"column":6},"end":{"line":8,"column":27}}},"fnMap":{"0":{"name":"(anonymous_0)","decl":{"start":{"line":1,"column":24},"end":{"line":1,"column":25}},"loc":{"start":{"line":1,"column":39},"end":{"line":11,"column":1}},"line":1},"1":{"name":"(anonymous_1)","decl":{"start":{"line":3,"column":30},"end":{"line":3,"column":31}},"loc":{"start":{"line":3,"column":79},"end":{"line":9,"column":5}},"line":3}},"branchMap":{"0":{"loc":{"start":{"line":2,"column":2},"end":{"line":10,"column":3}},"type":"if","locations":[{"start":{"line":2,"column":2},"end":{"line":10,"column":3}},{"start":{},"end":{}}],"line":2},"1":{"loc":{"start":{"line":2,"column":6},"end":{"line":2,"column":52}},"type":"binary-expr","locations":[{"start":{"line":2,"column":6},"end":{"line":2,"column":17}},{"start":{"line":2,"column":21},"end":{"line":2,"column":52}}],"line":2}},"s":{"0":0,"1":0,"2":0,"3":0,"4":0,"5":0,"6":0,"7":0},"f":{"0":0,"1":0},"b":{"0":[0,0],"1":[0,0]}}
,"/home/julia/Documents/bus-tracker/frontend/src/api/Api.js": {"path":"/home/julia/Documents/bus-tracker/frontend/src/api/Api.js","statementMap":{"0":{"start":{"line":1,"column":25},"end":{"line":19,"column":1}},"1":{"start":{"line":2,"column":2},"end":{"line":18,"column":3}},"2":{"start":{"line":3,"column":21},"end":{"line":3,"column":38}},"3":{"start":{"line":4,"column":21},"end":{"line":4,"column":38}},"4":{"start":{"line":5,"column":23},"end":{"line":5,"column":42}},"5":{"start":{"line":6,"column":21},"end":{"line":6,"column":38}},"6":{"start":{"line":7,"column":18},"end":{"line":7,"column":32}},"7":{"start":{"line":9,"column":30},"end":{"line":9,"column":134}},"8":{"start":{"line":10,"column":21},"end":{"line":10,"column":85}},"9":{"start":{"line":12,"column":4},"end":{"line":14,"column":5}},"10":{"start":{"line":13,"column":6},"end":{"line":13,"column":43}},"11":{"start":{"line":15,"column":4},"end":{"line":15,"column":33}},"12":{"start":{"line":17,"column":4},"end":{"line":17,"column":16}}},"fnMap":{"0":{"name":"(anonymous_0)","decl":{"start":{"line":1,"column":25},"end":{"line":1,"column":26}},"loc":{"start":{"line":1,"column":45},"end":{"line":19,"column":1}},"line":1}},"branchMap":{"0":{"loc":{"start":{"line":12,"column":4},"end":{"line":14,"column":5}},"type":"if","locations":[{"start":{"line":12,"column":4},"end":{"line":14,"column":5}},{"start":{},"end":{}}],"line":12}},"s":{"0":1,"1":3,"2":3,"3":3,"4":3,"5":3,"6":3,"7":3,"8":3,"9":2,"10":1,"11":0,"12":3},"f":{"0":3},"b":{"0":[1,0]},"_coverageSchema":"1a1c01bbd47fc00a2c39e90264f33305004495a9","hash":"8954398ecd99023f2cef6d38bca6f6d7c7efbede"}
,"/home/julia/Documents/bus-tracker/frontend/src/assets/components/Input.js": {"path":"/home/julia/Documents/bus-tracker/frontend/src/assets/components/Input.js","statementMap":{"0":{"start":{"line":7,"column":21},"end":{"line":35,"column":1}},"1":{"start":{"line":15,"column":4},"end":{"line":15,"column":68}},"2":{"start":{"line":19,"column":29},"end":{"line":19,"column":65}},"3":{"start":{"line":26,"column":4},"end":{"line":26,"column":68}},"4":{"start":{"line":27,"column":34},"end":{"line":27,"column":72}},"5":{"start":{"line":32,"column":4},"end":{"line":32,"column":68}},"6":{"start":{"line":33,"column":34},"end":{"line":33,"column":69}},"7":{"start":{"line":37,"column":24},"end":{"line":42,"column":1}},"8":{"start":{"line":45,"column":14},"end":{"line":237,"column":1}},"9":{"start":{"line":46,"column":37},"end":{"line":46,"column":49}},"10":{"start":{"line":47,"column":33},"end":{"line":47,"column":45}},"11":{"start":{"line":48,"column":50},"end":{"line":48,"column":64}},"12":{"start":{"line":49,"column":36},"end":{"line":49,"column":51}},"13":{"start":{"line":50,"column":40},"end":{"line":50,"column":55}},"14":{"start":{"line":52,"column":2},"end":{"line":61,"column":39}},"15":{"start":{"line":54,"column":6},"end":{"line":58,"column":20}},"16":{"start":{"line":60,"column":4},"end":{"line":60,"column":41}},"17":{"start":{"line":63,"column":21},"end":{"line":68,"column":3}},"18":{"start":{"line":64,"column":4},"end":{"line":64,"column":49}},"19":{"start":{"line":64,"column":25},"end":{"line":64,"column":49}},"20":{"start":{"line":65,"column":4},"end":{"line":65,"column":38}},"21":{"start":{"line":65,"column":26},"end":{"line":65,"column":38}},"22":{"start":{"line":66,"column":4},"end":{"line":66,"column":72}},"23":{"start":{"line":66,"column":26},"end":{"line":66,"column":72}},"24":{"start":{"line":67,"column":4},"end":{"line":67,"column":75}},"25":{"start":{"line":70,"column":32},"end":{"line":74,"column":3}},"26":{"start":{"line":71,"column":26},"end":{"line":71,"column":71}},"27":{"start":{"line":72,"column":4},"end":{"line":72,"column":32}},"28":{"start":{"line":73,"column":4},"end":{"line":73,"column":71}},"29":{"start":{"line":76,"column":30},"end":{"line":80,"column":3}},"30":{"start":{"line":77,"column":26},"end":{"line":77,"column":71}},"31":{"start":{"line":78,"column":4},"end":{"line":78,"column":30}},"32":{"start":{"line":79,"column":4},"end":{"line":79,"column":69}},"33":{"start":{"line":82,"column":27},"end":{"line":94,"column":3}},"34":{"start":{"line":83,"column":4},"end":{"line":83,"column":23}},"35":{"start":{"line":84,"column":4},"end":{"line":84,"column":20}},"36":{"start":{"line":85,"column":4},"end":{"line":85,"column":25}},"37":{"start":{"line":86,"column":4},"end":{"line":93,"column":5}},"38":{"start":{"line":87,"column":6},"end":{"line":87,"column":27}},"39":{"start":{"line":88,"column":6},"end":{"line":88,"column":25}},"40":{"start":{"line":90,"column":6},"end":{"line":90,"column":50}},"41":{"start":{"line":92,"column":6},"end":{"line":92,"column":28}},"42":{"start":{"line":96,"column":23},"end":{"line":109,"column":3}},"43":{"start":{"line":97,"column":4},"end":{"line":108,"column":5}},"44":{"start":{"line":98,"column":23},"end":{"line":104,"column":8}},"45":{"start":{"line":105,"column":6},"end":{"line":105,"column":41}},"46":{"start":{"line":107,"column":6},"end":{"line":107,"column":50}},"47":{"start":{"line":111,"column":26},"end":{"line":119,"column":3}},"48":{"start":{"line":112,"column":4},"end":{"line":112,"column":21}},"49":{"start":{"line":113,"column":4},"end":{"line":113,"column":19}},"50":{"start":{"line":114,"column":4},"end":{"line":114,"column":58}},"51":{"start":{"line":115,"column":4},"end":{"line":115,"column":58}},"52":{"start":{"line":116,"column":4},"end":{"line":116,"column":60}},"53":{"start":{"line":117,"column":4},"end":{"line":117,"column":58}},"54":{"start":{"line":118,"column":4},"end":{"line":118,"column":55}},"55":{"start":{"line":121,"column":2},"end":{"line":236,"column":4}},"56":{"start":{"line":164,"column":16},"end":{"line":166,"column":25}},"57":{"start":{"line":230,"column":25},"end":{"line":230,"column":44}}},"fnMap":{"0":{"name":"(anonymous_0)","decl":{"start":{"line":14,"column":22},"end":{"line":14,"column":23}},"loc":{"start":{"line":15,"column":4},"end":{"line":15,"column":68}},"line":15},"1":{"name":"(anonymous_1)","decl":{"start":{"line":19,"column":12},"end":{"line":19,"column":13}},"loc":{"start":{"line":19,"column":29},"end":{"line":19,"column":65}},"line":19},"2":{"name":"(anonymous_2)","decl":{"start":{"line":25,"column":24},"end":{"line":25,"column":25}},"loc":{"start":{"line":26,"column":4},"end":{"line":26,"column":68}},"line":26},"3":{"name":"(anonymous_3)","decl":{"start":{"line":27,"column":17},"end":{"line":27,"column":18}},"loc":{"start":{"line":27,"column":34},"end":{"line":27,"column":72}},"line":27},"4":{"name":"(anonymous_4)","decl":{"start":{"line":31,"column":24},"end":{"line":31,"column":25}},"loc":{"start":{"line":32,"column":4},"end":{"line":32,"column":68}},"line":32},"5":{"name":"(anonymous_5)","decl":{"start":{"line":33,"column":17},"end":{"line":33,"column":18}},"loc":{"start":{"line":33,"column":34},"end":{"line":33,"column":69}},"line":33},"6":{"name":"(anonymous_6)","decl":{"start":{"line":45,"column":14},"end":{"line":45,"column":15}},"loc":{"start":{"line":45,"column":65},"end":{"line":237,"column":1}},"line":45},"7":{"name":"(anonymous_7)","decl":{"start":{"line":52,"column":12},"end":{"line":52,"column":13}},"loc":{"start":{"line":52,"column":18},"end":{"line":61,"column":3}},"line":52},"8":{"name":"(anonymous_8)","decl":{"start":{"line":63,"column":21},"end":{"line":63,"column":22}},"loc":{"start":{"line":63,"column":31},"end":{"line":68,"column":3}},"line":63},"9":{"name":"(anonymous_9)","decl":{"start":{"line":70,"column":32},"end":{"line":70,"column":33}},"loc":{"start":{"line":70,"column":39},"end":{"line":74,"column":3}},"line":70},"10":{"name":"(anonymous_10)","decl":{"start":{"line":76,"column":30},"end":{"line":76,"column":31}},"loc":{"start":{"line":76,"column":37},"end":{"line":80,"column":3}},"line":76},"11":{"name":"(anonymous_11)","decl":{"start":{"line":82,"column":27},"end":{"line":82,"column":28}},"loc":{"start":{"line":82,"column":40},"end":{"line":94,"column":3}},"line":82},"12":{"name":"(anonymous_12)","decl":{"start":{"line":96,"column":23},"end":{"line":96,"column":24}},"loc":{"start":{"line":96,"column":35},"end":{"line":109,"column":3}},"line":96},"13":{"name":"(anonymous_13)","decl":{"start":{"line":111,"column":26},"end":{"line":111,"column":27}},"loc":{"start":{"line":111,"column":32},"end":{"line":119,"column":3}},"line":111},"14":{"name":"(anonymous_14)","decl":{"start":{"line":163,"column":24},"end":{"line":163,"column":25}},"loc":{"start":{"line":164,"column":16},"end":{"line":166,"column":25}},"line":164},"15":{"name":"(anonymous_15)","decl":{"start":{"line":230,"column":19},"end":{"line":230,"column":20}},"loc":{"start":{"line":230,"column":25},"end":{"line":230,"column":44}},"line":230}},"branchMap":{"0":{"loc":{"start":{"line":15,"column":4},"end":{"line":15,"column":68}},"type":"cond-expr","locations":[{"start":{"line":15,"column":15},"end":{"line":15,"column":24}},{"start":{"line":15,"column":27},"end":{"line":15,"column":68}}],"line":15},"1":{"loc":{"start":{"line":15,"column":27},"end":{"line":15,"column":68}},"type":"cond-expr","locations":[{"start":{"line":15,"column":47},"end":{"line":15,"column":56}},{"start":{"line":15,"column":59},"end":{"line":15,"column":68}}],"line":15},"2":{"loc":{"start":{"line":19,"column":29},"end":{"line":19,"column":65}},"type":"cond-expr","locations":[{"start":{"line":19,"column":40},"end":{"line":19,"column":53}},{"start":{"line":19,"column":56},"end":{"line":19,"column":65}}],"line":19},"3":{"loc":{"start":{"line":26,"column":4},"end":{"line":26,"column":68}},"type":"cond-expr","locations":[{"start":{"line":26,"column":15},"end":{"line":26,"column":24}},{"start":{"line":26,"column":27},"end":{"line":26,"column":68}}],"line":26},"4":{"loc":{"start":{"line":26,"column":27},"end":{"line":26,"column":68}},"type":"cond-expr","locations":[{"start":{"line":26,"column":47},"end":{"line":26,"column":56}},{"start":{"line":26,"column":59},"end":{"line":26,"column":68}}],"line":26},"5":{"loc":{"start":{"line":27,"column":34},"end":{"line":27,"column":72}},"type":"cond-expr","locations":[{"start":{"line":27,"column":45},"end":{"line":27,"column":51}},{"start":{"line":27,"column":54},"end":{"line":27,"column":72}}],"line":27},"6":{"loc":{"start":{"line":32,"column":4},"end":{"line":32,"column":68}},"type":"cond-expr","locations":[{"start":{"line":32,"column":15},"end":{"line":32,"column":24}},{"start":{"line":32,"column":27},"end":{"line":32,"column":68}}],"line":32},"7":{"loc":{"start":{"line":32,"column":27},"end":{"line":32,"column":68}},"type":"cond-expr","locations":[{"start":{"line":32,"column":47},"end":{"line":32,"column":56}},{"start":{"line":32,"column":59},"end":{"line":32,"column":68}}],"line":32},"8":{"loc":{"start":{"line":33,"column":34},"end":{"line":33,"column":69}},"type":"cond-expr","locations":[{"start":{"line":33,"column":45},"end":{"line":33,"column":51}},{"start":{"line":33,"column":54},"end":{"line":33,"column":69}}],"line":33},"9":{"loc":{"start":{"line":54,"column":6},"end":{"line":58,"column":20}},"type":"binary-expr","locations":[{"start":{"line":54,"column":6},"end":{"line":54,"column":23}},{"start":{"line":55,"column":6},"end":{"line":55,"column":23}},{"start":{"line":56,"column":6},"end":{"line":56,"column":16}},{"start":{"line":57,"column":6},"end":{"line":57,"column":14}},{"start":{"line":58,"column":6},"end":{"line":58,"column":20}}],"line":54},"10":{"loc":{"start":{"line":64,"column":4},"end":{"line":64,"column":49}},"type":"if","locations":[{"start":{"line":64,"column":4},"end":{"line":64,"column":49}},{"start":{},"end":{}}],"line":64},"11":{"loc":{"start":{"line":65,"column":4},"end":{"line":65,"column":38}},"type":"if","locations":[{"start":{"line":65,"column":4},"end":{"line":65,"column":38}},{"start":{},"end":{}}],"line":65},"12":{"loc":{"start":{"line":66,"column":4},"end":{"line":66,"column":72}},"type":"if","locations":[{"start":{"line":66,"column":4},"end":{"line":66,"column":72}},{"start":{},"end":{}}],"line":66},"13":{"loc":{"start":{"line":162,"column":13},"end":{"line":167,"column":16}},"type":"binary-expr","locations":[{"start":{"line":162,"column":13},"end":{"line":162,"column":18}},{"start":{"line":163,"column":14},"end":{"line":167,"column":16}}],"line":162},"14":{"loc":{"start":{"line":222,"column":7},"end":{"line":232,"column":7}},"type":"binary-expr","locations":[{"start":{"line":222,"column":7},"end":{"line":222,"column":16}},{"start":{"line":223,"column":8},"end":{"line":231,"column":10}}],"line":222},"15":{"loc":{"start":{"line":234,"column":7},"end":{"line":234,"column":38}},"type":"binary-expr","locations":[{"start":{"line":234,"column":7},"end":{"line":234,"column":18}},{"start":{"line":234,"column":22},"end":{"line":234,"column":38}}],"line":234}},"s":{"0":0,"1":0,"2":0,"3":0,"4":0,"5":0,"6":0,"7":0,"8":0,"9":0,"10":0,"11":0,"12":0,"13":0,"14":0,"15":0,"16":0,"17":0,"18":0,"19":0,"20":0,"21":0,"22":0,"23":0,"24":0,"25":0,"26":0,"27":0,"28":0,"29":0,"30":0,"31":0,"32":0,"33":0,"34":0,"35":0,"36":0,"37":0,"38":0,"39":0,"40":0,"41":0,"42":0,"43":0,"44":0,"45":0,"46":0,"47":0,"48":0,"49":0,"50":0,"51":0,"52":0,"53":0,"54":0,"55":0,"56":0,"57":0},"f":{"0":0,"1":0,"2":0,"3":0,"4":0,"5":0,"6":0,"7":0,"8":0,"9":0,"10":0,"11":0,"12":0,"13":0,"14":0,"15":0},"b":{"0":[0,0],"1":[0,0],"2":[0,0],"3":[0,0],"4":[0,0],"5":[0,0],"6":[0,0],"7":[0,0],"8":[0,0],"9":[0,0,0,0,0],"10":[0,0],"11":[0,0],"12":[0,0],"13":[0,0],"14":[0,0],"15":[0,0]}}
,"/home/julia/Documents/bus-tracker/frontend/src/assets/components/LoadingPopup.js": {"path":"/home/julia/Documents/bus-tracker/frontend/src/assets/components/LoadingPopup.js","statementMap":{"0":{"start":{"line":4,"column":16},"end":{"line":15,"column":1}},"1":{"start":{"line":17,"column":15},"end":{"line":29,"column":1}},"2":{"start":{"line":31,"column":21},"end":{"line":37,"column":1}},"3":{"start":{"line":32,"column":2},"end":{"line":36,"column":4}}},"fnMap":{"0":{"name":"(anonymous_0)","decl":{"start":{"line":31,"column":21},"end":{"line":31,"column":22}},"loc":{"start":{"line":31,"column":27},"end":{"line":37,"column":1}},"line":31}},"branchMap":{},"s":{"0":0,"1":0,"2":0,"3":0},"f":{"0":0},"b":{}}
,"/home/julia/Documents/bus-tracker/frontend/src/assets/components/Map.js": {"path":"/home/julia/Documents/bus-tracker/frontend/src/assets/components/Map.js","statementMap":{"0":{"start":{"line":10,"column":0},"end":{"line":10,"column":44}},"1":{"start":{"line":11,"column":0},"end":{"line":15,"column":3}},"2":{"start":{"line":18,"column":17},"end":{"line":23,"column":2}},"3":{"start":{"line":25,"column":16},"end":{"line":30,"column":2}},"4":{"start":{"line":33,"column":12},"end":{"line":129,"column":1}},"5":{"start":{"line":34,"column":30},"end":{"line":34,"column":42}},"6":{"start":{"line":35,"column":28},"end":{"line":35,"column":40}},"7":{"start":{"line":36,"column":42},"end":{"line":36,"column":56}},"8":{"start":{"line":38,"column":27},"end":{"line":45,"column":3}},"9":{"start":{"line":39,"column":4},"end":{"line":44,"column":5}},"10":{"start":{"line":40,"column":19},"end":{"line":40,"column":44}},"11":{"start":{"line":41,"column":6},"end":{"line":41,"column":22}},"12":{"start":{"line":43,"column":6},"end":{"line":43,"column":58}},"13":{"start":{"line":47,"column":2},"end":{"line":51,"column":18}},"14":{"start":{"line":48,"column":4},"end":{"line":50,"column":5}},"15":{"start":{"line":49,"column":6},"end":{"line":49,"column":25}},"16":{"start":{"line":53,"column":2},"end":{"line":57,"column":18}},"17":{"start":{"line":54,"column":4},"end":{"line":56,"column":5}},"18":{"start":{"line":55,"column":6},"end":{"line":55,"column":20}},"19":{"start":{"line":59,"column":2},"end":{"line":66,"column":31}},"20":{"start":{"line":60,"column":4},"end":{"line":65,"column":5}},"21":{"start":{"line":61,"column":19},"end":{"line":61,"column":67}},"22":{"start":{"line":61,"column":35},"end":{"line":61,"column":66}},"23":{"start":{"line":62,"column":6},"end":{"line":64,"column":7}},"24":{"start":{"line":63,"column":8},"end":{"line":63,"column":30}},"25":{"start":{"line":68,"column":2},"end":{"line":72,"column":32}},"26":{"start":{"line":69,"column":4},"end":{"line":71,"column":5}},"27":{"start":{"line":70,"column":6},"end":{"line":70,"column":31}},"28":{"start":{"line":74,"column":20},"end":{"line":82,"column":3}},"29":{"start":{"line":75,"column":4},"end":{"line":80,"column":5}},"30":{"start":{"line":76,"column":6},"end":{"line":78,"column":7}},"31":{"start":{"line":77,"column":8},"end":{"line":77,"column":20}},"32":{"start":{"line":79,"column":6},"end":{"line":79,"column":19}},"33":{"start":{"line":81,"column":4},"end":{"line":81,"column":17}},"34":{"start":{"line":84,"column":2},"end":{"line":87,"column":3}},"35":{"start":{"line":85,"column":4},"end":{"line":85,"column":70}},"36":{"start":{"line":85,"column":39},"end":{"line":85,"column":68}},"37":{"start":{"line":86,"column":4},"end":{"line":86,"column":26}},"38":{"start":{"line":90,"column":28},"end":{"line":90,"column":48}},"39":{"start":{"line":92,"column":2},"end":{"line":128,"column":4}},"40":{"start":{"line":105,"column":14},"end":{"line":109,"column":23}},"41":{"start":{"line":113,"column":14},"end":{"line":122,"column":23}},"42":{"start":{"line":117,"column":46},"end":{"line":117,"column":77}}},"fnMap":{"0":{"name":"(anonymous_0)","decl":{"start":{"line":33,"column":12},"end":{"line":33,"column":13}},"loc":{"start":{"line":33,"column":91},"end":{"line":129,"column":1}},"line":33},"1":{"name":"(anonymous_1)","decl":{"start":{"line":38,"column":27},"end":{"line":38,"column":28}},"loc":{"start":{"line":38,"column":39},"end":{"line":45,"column":3}},"line":38},"2":{"name":"(anonymous_2)","decl":{"start":{"line":47,"column":12},"end":{"line":47,"column":13}},"loc":{"start":{"line":47,"column":18},"end":{"line":51,"column":3}},"line":47},"3":{"name":"(anonymous_3)","decl":{"start":{"line":53,"column":12},"end":{"line":53,"column":13}},"loc":{"start":{"line":53,"column":18},"end":{"line":57,"column":3}},"line":53},"4":{"name":"(anonymous_4)","decl":{"start":{"line":59,"column":12},"end":{"line":59,"column":13}},"loc":{"start":{"line":59,"column":18},"end":{"line":66,"column":3}},"line":59},"5":{"name":"(anonymous_5)","decl":{"start":{"line":61,"column":30},"end":{"line":61,"column":31}},"loc":{"start":{"line":61,"column":35},"end":{"line":61,"column":66}},"line":61},"6":{"name":"(anonymous_6)","decl":{"start":{"line":68,"column":12},"end":{"line":68,"column":13}},"loc":{"start":{"line":68,"column":18},"end":{"line":72,"column":3}},"line":68},"7":{"name":"(anonymous_7)","decl":{"start":{"line":74,"column":20},"end":{"line":74,"column":21}},"loc":{"start":{"line":74,"column":38},"end":{"line":82,"column":3}},"line":74},"8":{"name":"(anonymous_8)","decl":{"start":{"line":85,"column":31},"end":{"line":85,"column":32}},"loc":{"start":{"line":85,"column":39},"end":{"line":85,"column":68}},"line":85},"9":{"name":"(anonymous_9)","decl":{"start":{"line":104,"column":25},"end":{"line":104,"column":26}},"loc":{"start":{"line":105,"column":14},"end":{"line":109,"column":23}},"line":105},"10":{"name":"(anonymous_10)","decl":{"start":{"line":112,"column":26},"end":{"line":112,"column":27}},"loc":{"start":{"line":113,"column":14},"end":{"line":122,"column":23}},"line":113},"11":{"name":"(anonymous_11)","decl":{"start":{"line":117,"column":39},"end":{"line":117,"column":40}},"loc":{"start":{"line":117,"column":45},"end":{"line":117,"column":78}},"line":117}},"branchMap":{"0":{"loc":{"start":{"line":48,"column":4},"end":{"line":50,"column":5}},"type":"if","locations":[{"start":{"line":48,"column":4},"end":{"line":50,"column":5}},{"start":{},"end":{}}],"line":48},"1":{"loc":{"start":{"line":54,"column":4},"end":{"line":56,"column":5}},"type":"if","locations":[{"start":{"line":54,"column":4},"end":{"line":56,"column":5}},{"start":{},"end":{}}],"line":54},"2":{"loc":{"start":{"line":60,"column":4},"end":{"line":65,"column":5}},"type":"if","locations":[{"start":{"line":60,"column":4},"end":{"line":65,"column":5}},{"start":{},"end":{}}],"line":60},"3":{"loc":{"start":{"line":62,"column":6},"end":{"line":64,"column":7}},"type":"if","locations":[{"start":{"line":62,"column":6},"end":{"line":64,"column":7}},{"start":{},"end":{}}],"line":62},"4":{"loc":{"start":{"line":69,"column":4},"end":{"line":71,"column":5}},"type":"if","locations":[{"start":{"line":69,"column":4},"end":{"line":71,"column":5}},{"start":{},"end":{}}],"line":69},"5":{"loc":{"start":{"line":69,"column":8},"end":{"line":69,"column":33}},"type":"binary-expr","locations":[{"start":{"line":69,"column":8},"end":{"line":69,"column":17}},{"start":{"line":69,"column":21},"end":{"line":69,"column":33}}],"line":69},"6":{"loc":{"start":{"line":75,"column":4},"end":{"line":80,"column":5}},"type":"if","locations":[{"start":{"line":75,"column":4},"end":{"line":80,"column":5}},{"start":{},"end":{}}],"line":75},"7":{"loc":{"start":{"line":76,"column":6},"end":{"line":78,"column":7}},"type":"if","locations":[{"start":{"line":76,"column":6},"end":{"line":78,"column":7}},{"start":{},"end":{}}],"line":76},"8":{"loc":{"start":{"line":76,"column":10},"end":{"line":76,"column":80}},"type":"binary-expr","locations":[{"start":{"line":76,"column":10},"end":{"line":76,"column":43}},{"start":{"line":76,"column":47},"end":{"line":76,"column":80}}],"line":76},"9":{"loc":{"start":{"line":84,"column":2},"end":{"line":87,"column":3}},"type":"if","locations":[{"start":{"line":84,"column":2},"end":{"line":87,"column":3}},{"start":{},"end":{}}],"line":84},"10":{"loc":{"start":{"line":96,"column":18},"end":{"line":96,"column":102}},"type":"cond-expr","locations":[{"start":{"line":96,"column":39},"end":{"line":96,"column":82}},{"start":{"line":96,"column":85},"end":{"line":96,"column":102}}],"line":96}},"s":{"0":0,"1":0,"2":0,"3":0,"4":0,"5":0,"6":0,"7":0,"8":0,"9":0,"10":0,"11":0,"12":0,"13":0,"14":0,"15":0,"16":0,"17":0,"18":0,"19":0,"20":0,"21":0,"22":0,"23":0,"24":0,"25":0,"26":0,"27":0,"28":0,"29":0,"30":0,"31":0,"32":0,"33":0,"34":0,"35":0,"36":0,"37":0,"38":0,"39":0,"40":0,"41":0,"42":0},"f":{"0":0,"1":0,"2":0,"3":0,"4":0,"5":0,"6":0,"7":0,"8":0,"9":0,"10":0,"11":0},"b":{"0":[0,0],"1":[0,0],"2":[0,0],"3":[0,0],"4":[0,0],"5":[0,0],"6":[0,0],"7":[0,0],"8":[0,0],"9":[0,0],"10":[0,0]}}
,"/home/julia/Documents/bus-tracker/frontend/src/assets/components/Popup.js": {"path":"/home/julia/Documents/bus-tracker/frontend/src/assets/components/Popup.js","statementMap":{"0":{"start":{"line":7,"column":73},"end":{"line":7,"column":83}},"1":{"start":{"line":9,"column":4},"end":{"line":21,"column":6}}},"fnMap":{"0":{"name":"(anonymous_0)","decl":{"start":{"line":6,"column":2},"end":{"line":6,"column":3}},"loc":{"start":{"line":6,"column":11},"end":{"line":22,"column":3}},"line":6}},"branchMap":{},"s":{"0":2,"1":2},"f":{"0":2},"b":{},"_coverageSchema":"1a1c01bbd47fc00a2c39e90264f33305004495a9","hash":"d5e378d86716fc57661e798a9daa606ef8f02377"}
,"/home/julia/Documents/bus-tracker/frontend/src/assets/components/Table.js": {"path":"/home/julia/Documents/bus-tracker/frontend/src/assets/components/Table.js","statementMap":{"0":{"start":{"line":4,"column":14},"end":{"line":34,"column":1}},"1":{"start":{"line":5,"column":2},"end":{"line":33,"column":4}},"2":{"start":{"line":24,"column":12},"end":{"line":28,"column":17}}},"fnMap":{"0":{"name":"(anonymous_0)","decl":{"start":{"line":4,"column":14},"end":{"line":4,"column":15}},"loc":{"start":{"line":4,"column":28},"end":{"line":34,"column":1}},"line":4},"1":{"name":"(anonymous_1)","decl":{"start":{"line":23,"column":20},"end":{"line":23,"column":21}},"loc":{"start":{"line":24,"column":12},"end":{"line":28,"column":17}},"line":24}},"branchMap":{},"s":{"0":1,"1":2,"2":4},"f":{"0":2,"1":4},"b":{},"_coverageSchema":"1a1c01bbd47fc00a2c39e90264f33305004495a9","hash":"1c96cb67bd99fecf9e464e5a32e809ccfa0f9b08"}
}
